<?xml version="1.0" encoding="UTF-8"?>
<!-- Generated by org.testng.reporters.JUnitReportReporter -->
<testsuite hostname="Kan3" failures="0" tests="1" name="com.mystore.testCases.AddToCartPageTest" time="148.907" errors="0" timestamp="2021-06-03T13:20:56 IST" skipped="0">
  <testcase classname="com.mystore.testCases.AddToCartPageTest" name="clickOnProduct" time="148.907"/>
  <system-out/>
</testsuite> <!-- com.mystore.testCases.AddToCartPageTest -->
