<?xml version="1.0" encoding="UTF-8"?>
<!-- Generated by org.testng.reporters.JUnitReportReporter -->
<testsuite hostname="Kan3" failures="0" tests="3" name="com.mystore.testCases.OrderPageTest" time="263.105" errors="0" timestamp="2021-06-03T14:39:14 IST" skipped="0">
  <testcase classname="com.mystore.testCases.OrderPageTest" name="verifyProductPrice" time="77.299"/>
  <system-out/>
  <testcase classname="com.mystore.testCases.OrderPageTest" name="verifyProductPrice" time="114.480"/>
  <system-out/>
  <testcase classname="com.mystore.testCases.OrderPageTest" name="verifyProductPrice" time="71.326"/>
  <system-out/>
</testsuite> <!-- com.mystore.testCases.OrderPageTest -->
