<?xml version="1.0" encoding="UTF-8"?>
<!-- Generated by org.testng.reporters.JUnitReportReporter -->
<testsuite hostname="Kan3" failures="0" tests="1" name="com.mystore.testCases.AccountCreationPageTest" time="109.469" errors="0" timestamp="2021-06-05T10:15:15 IST" skipped="0">
  <testcase classname="com.mystore.testCases.AccountCreationPageTest" name="createAccount" time="109.469"/>
  <system-out/>
</testsuite> <!-- com.mystore.testCases.AccountCreationPageTest -->
