<?xml version="1.0" encoding="UTF-8"?>
<!-- Generated by org.testng.reporters.JUnitReportReporter -->
<testsuite hostname="Kan3" failures="0" tests="2" name="com.mystore.testCases.OrderPurchasePageTest" time="171.153" errors="0" timestamp="2021-06-05T08:25:02 IST" skipped="0">
  <testcase classname="com.mystore.testCases.OrderPurchasePageTest" name="verifyProductPurchase" time="85.285"/>
  <system-out/>
  <testcase classname="com.mystore.testCases.OrderPurchasePageTest" name="verifyProductPurchase" time="85.868"/>
  <system-out/>
</testsuite> <!-- com.mystore.testCases.OrderPurchasePageTest -->
