<?xml version="1.0" encoding="UTF-8"?>
<!-- Generated by org.testng.reporters.JUnitReportReporter -->
<testsuite hostname="Kan3" failures="0" tests="3" name="com.mystore.testCases.SearchResultPageTest" time="152.656" errors="0" timestamp="2021-06-03T14:29:33 IST" skipped="0">
  <testcase classname="com.mystore.testCases.SearchResultPageTest" name="verifyProdAvailability" time="59.102"/>
  <system-out/>
  <testcase classname="com.mystore.testCases.SearchResultPageTest" name="verifyProdAvailability" time="56.175"/>
  <system-out/>
  <testcase classname="com.mystore.testCases.SearchResultPageTest" name="verifyProdAvailability" time="37.379"/>
  <system-out/>
</testsuite> <!-- com.mystore.testCases.SearchResultPageTest -->
